<?xml version="1.0" encoding="UTF-8"?>
<testsuite name="com.github.ththory.TddProject.TddProjectApplicationTests" tests="1" skipped="0" failures="0" errors="0" timestamp="2024-08-09T07:06:12" hostname="Ththoryui-MacBookPro.local" time="0.417">
  <properties/>
  <testcase name="testMultipication()" classname="com.github.ththory.TddProject.TddProjectApplicationTests" time="0.417"/>
  <system-out><![CDATA[16:06:11.685 [Test worker] INFO org.springframework.test.context.support.AnnotationConfigContextLoaderUtils -- Could not detect default configuration classes for test class [com.github.ththory.TddProject.TddProjectApplicationTests]: TddProjectApplicationTests does not declare any static, non-private, non-final, nested classes annotated with @Configuration.
16:06:11.726 [Test worker] INFO org.springframework.boot.test.context.SpringBootTestContextBootstrapper -- Found @SpringBootConfiguration com.github.ththory.TddProject.TddProjectApplication for test class com.github.ththory.TddProject.TddProjectApplicationTests

  .   ____          _            __ _ _
 /\\ / ___'_ __ _ _(_)_ __  __ _ \ \ \ \
( ( )\___ | '_ | '_| | '_ \/ _` | \ \ \ \
 \\/  ___)| |_)| | | | | || (_| |  ) ) ) )
  '  |____| .__|_| |_|_| |_\__, | / / / /
 =========|_|==============|___/=/_/_/_/

 :: Spring Boot ::                (v3.3.2)

2024-08-09T16:06:11.887+09:00  INFO 5690 --- [TddProject] [    Test worker] c.g.t.T.TddProjectApplicationTests       : Starting TddProjectApplicationTests using Java 17.0.11 with PID 5690 (started by ththory in /Users/ththory/Git/tdd_test)
2024-08-09T16:06:11.888+09:00  INFO 5690 --- [TddProject] [    Test worker] c.g.t.T.TddProjectApplicationTests       : No active profile set, falling back to 1 default profile: "default"
2024-08-09T16:06:12.332+09:00  INFO 5690 --- [TddProject] [    Test worker] c.g.t.T.TddProjectApplicationTests       : Started TddProjectApplicationTests in 0.541 seconds (process running for 0.999)
]]></system-out>
  <system-err><![CDATA[]]></system-err>
</testsuite>
